<?xml version="1.0" encoding="UTF-8"?>
<!-- Generated by org.testng.reporters.JUnitReportReporter -->
<testsuite hostname="Gunjans-MacBook-Pro.local" failures="0" tests="2" name="seeTestAutomation.IOSSwipe" time="20.504" errors="1" timestamp="2023-06-17T18:11:06 IST" skipped="0">
  <testcase classname="seeTestAutomation.IOSSwipe" name="Demo" time="2.008"/>
  <system-out/>
  <testcase classname="seeTestAutomation.IOSSwipe" name="IOSSwipeTest" time="18.496">
    <error message="An element could not be located on the page using the given search parameters.
For documentation on this error, please visit: https://selenium.dev/exceptions/#no_such_element
Build info: version: &#039;4.9.0&#039;, revision: &#039;d7057100a6&#039;
System info: os.name: &#039;Mac OS X&#039;, os.arch: &#039;aarch64&#039;, os.version: &#039;13.4&#039;, java.version: &#039;17.0.6&#039;
Driver info: io.appium.java_client.ios.IOSDriver
Command: [d6dd5887-2c88-4256-bdec-0c8003c07e09, findElement {using=xpath, value=///XCUIElementTypeImage[@name=&quot;Photo, March 13, 2011, 5:47 AM&quot;]}]
Capabilities {appium:app: , appium:appiumVersion: 1.22.3, appium:automationName: XCuiTest, appium:bundleId: com.experitest.UICatalog, appium:cloudViewLink: https://internal-uk.experit..., appium:databaseEnabled: false, appium:deviceName: auto, appium:deviceQuery: @serialNumber=&#039;00008030-001..., appium:ehmPrefixUrl: /agent-62981, appium:ehmUrl: https://internal-uk.experit..., appium:experitestCloudSessionId: CLOUD-SID:2023-06-17_12-40-..., appium:fullReset: false, appium:gridNodePort: 0, appium:javascriptEnabled: true, appium:locationContextEnabled: false, appium:networkConnectionEnabled: false, appium:packageApplicationId: com.experitest.UICatalog, appium:platformVersion: 16.3, appium:reportTestId: 787, appium:reportUrl: https://internal.experitest..., appium:startIWDP: false, appium:takesScreenshot: true, appium:testName: Quick Start iOS Native Demo, appium:udid: 00008030-0012710E1AA2802E, appium:useNewWDA: false, appium:usePrebuiltWDA: true, appium:webStorageEnabled: false, experitest:client8: true, experitest:originalApp: cloud:com.experitest.UICatalog, experitest:originalFullReset: false, platformName: IOS}
Session ID: d6dd5887-2c88-4256-bdec-0c8003c07e09" type="org.openqa.selenium.NoSuchElementException">
      <![CDATA[org.openqa.selenium.NoSuchElementException: An element could not be located on the page using the given search parameters.
For documentation on this error, please visit: https://selenium.dev/exceptions/#no_such_element
Build info: version: '4.9.0', revision: 'd7057100a6'
System info: os.name: 'Mac OS X', os.arch: 'aarch64', os.version: '13.4', java.version: '17.0.6'
Driver info: io.appium.java_client.ios.IOSDriver
Command: [d6dd5887-2c88-4256-bdec-0c8003c07e09, findElement {using=xpath, value=///XCUIElementTypeImage[@name="Photo, March 13, 2011, 5:47 AM"]}]
Capabilities {appium:app: , appium:appiumVersion: 1.22.3, appium:automationName: XCuiTest, appium:bundleId: com.experitest.UICatalog, appium:cloudViewLink: https://internal-uk.experit..., appium:databaseEnabled: false, appium:deviceName: auto, appium:deviceQuery: @serialNumber='00008030-001..., appium:ehmPrefixUrl: /agent-62981, appium:ehmUrl: https://internal-uk.experit..., appium:experitestCloudSessionId: CLOUD-SID:2023-06-17_12-40-..., appium:fullReset: false, appium:gridNodePort: 0, appium:javascriptEnabled: true, appium:locationContextEnabled: false, appium:networkConnectionEnabled: false, appium:packageApplicationId: com.experitest.UICatalog, appium:platformVersion: 16.3, appium:reportTestId: 787, appium:reportUrl: https://internal.experitest..., appium:startIWDP: false, appium:takesScreenshot: true, appium:testName: Quick Start iOS Native Demo, appium:udid: 00008030-0012710E1AA2802E, appium:useNewWDA: false, appium:usePrebuiltWDA: true, appium:webStorageEnabled: false, experitest:client8: true, experitest:originalApp: cloud:com.experitest.UICatalog, experitest:originalFullReset: false, platformName: IOS}
Session ID: d6dd5887-2c88-4256-bdec-0c8003c07e09
at java.base/jdk.internal.reflect.NativeConstructorAccessorImpl.newInstance0(Native Method)
at java.base/jdk.internal.reflect.NativeConstructorAccessorImpl.newInstance(NativeConstructorAccessorImpl.java:77)
at java.base/jdk.internal.reflect.DelegatingConstructorAccessorImpl.newInstance(DelegatingConstructorAccessorImpl.java:45)
at java.base/java.lang.reflect.Constructor.newInstanceWithCaller(Constructor.java:499)
at java.base/java.lang.reflect.Constructor.newInstance(Constructor.java:480)
at org.openqa.selenium.remote.codec.w3c.W3CHttpResponseCodec.createException(W3CHttpResponseCodec.java:200)
at org.openqa.selenium.remote.codec.w3c.W3CHttpResponseCodec.decode(W3CHttpResponseCodec.java:133)
at org.openqa.selenium.remote.codec.w3c.W3CHttpResponseCodec.decode(W3CHttpResponseCodec.java:53)
at org.openqa.selenium.remote.HttpCommandExecutor.execute(HttpCommandExecutor.java:193)
at io.appium.java_client.remote.AppiumCommandExecutor.execute(AppiumCommandExecutor.java:262)
at org.openqa.selenium.remote.RemoteWebDriver.execute(RemoteWebDriver.java:543)
at org.openqa.selenium.remote.ElementLocation$ElementFinder$2.findElement(ElementLocation.java:162)
at org.openqa.selenium.remote.ElementLocation.findElement(ElementLocation.java:60)
at org.openqa.selenium.remote.RemoteWebDriver.findElement(RemoteWebDriver.java:352)
at org.openqa.selenium.remote.RemoteWebDriver.findElement(RemoteWebDriver.java:344)
at seeTestAutomation.IOSSwipe.IOSSwipeTest(IOSSwipe.java:24)
at java.base/jdk.internal.reflect.NativeMethodAccessorImpl.invoke0(Native Method)
at java.base/jdk.internal.reflect.NativeMethodAccessorImpl.invoke(NativeMethodAccessorImpl.java:77)
at java.base/jdk.internal.reflect.DelegatingMethodAccessorImpl.invoke(DelegatingMethodAccessorImpl.java:43)
at java.base/java.lang.reflect.Method.invoke(Method.java:568)
at org.testng.internal.invokers.MethodInvocationHelper.invokeMethod(MethodInvocationHelper.java:139)
at org.testng.internal.invokers.TestInvoker.invokeMethod(TestInvoker.java:677)
at org.testng.internal.invokers.TestInvoker.invokeTestMethod(TestInvoker.java:221)
at org.testng.internal.invokers.MethodRunner.runInSequence(MethodRunner.java:50)
at org.testng.internal.invokers.TestInvoker$MethodInvocationAgent.invoke(TestInvoker.java:962)
at org.testng.internal.invokers.TestInvoker.invokeTestMethods(TestInvoker.java:194)
at org.testng.internal.invokers.TestMethodWorker.invokeTestMethods(TestMethodWorker.java:148)
at org.testng.internal.invokers.TestMethodWorker.run(TestMethodWorker.java:128)
at java.base/java.util.ArrayList.forEach(ArrayList.java:1511)
at org.testng.TestRunner.privateRun(TestRunner.java:806)
at org.testng.TestRunner.run(TestRunner.java:601)
at org.testng.SuiteRunner.runTest(SuiteRunner.java:433)
at org.testng.SuiteRunner.runSequentially(SuiteRunner.java:427)
at org.testng.SuiteRunner.privateRun(SuiteRunner.java:387)
at org.testng.SuiteRunner.run(SuiteRunner.java:330)
at org.testng.SuiteRunnerWorker.runSuite(SuiteRunnerWorker.java:52)
at org.testng.SuiteRunnerWorker.run(SuiteRunnerWorker.java:95)
at org.testng.TestNG.runSuitesSequentially(TestNG.java:1256)
at org.testng.TestNG.runSuitesLocally(TestNG.java:1176)
at org.testng.TestNG.runSuites(TestNG.java:1099)
at org.testng.TestNG.run(TestNG.java:1067)
at org.testng.remote.AbstractRemoteTestNG.run(AbstractRemoteTestNG.java:115)
at org.testng.remote.RemoteTestNG.initAndRun(RemoteTestNG.java:251)
at org.testng.remote.RemoteTestNG.main(RemoteTestNG.java:77)
]]>
    </error>
  </testcase> <!-- IOSSwipeTest -->
  <system-out/>
</testsuite> <!-- seeTestAutomation.IOSSwipe -->
