<?xml version="1.0" encoding="UTF-8"?>
<!-- Generated by org.testng.reporters.JUnitReportReporter -->
<testsuite hostname="Gunjans-MacBook-Pro.local" failures="0" tests="1" name="seeTestAutomation.vhielementclickcheck" time="0.337" errors="1" timestamp="2023-07-13T16:20:22 IST" skipped="0">
  <testcase classname="seeTestAutomation.vhielementclickcheck" name="Browsercheck" time="0.337">
    <error message="An unknown server-side error occurred while processing the command. Original error: URI and package arguments are required
Build info: version: &#039;4.9.0&#039;, revision: &#039;d7057100a6&#039;
System info: os.name: &#039;Mac OS X&#039;, os.arch: &#039;aarch64&#039;, os.version: &#039;13.4.1&#039;, java.version: &#039;17.0.6&#039;
Driver info: org.openqa.selenium.remote.RemoteWebDriver
Command: [a5b48a2a-8c9b-427c-ba8a-7c2c300555f4, get {url=https://app.test.vhi.ie/myvhi/covercheck/procedure/start/7995292}]
Capabilities {appiumVersion: 1.22.0, automationName: UIAutomator2, browserVersion: 114.0.5735.26, chromedriverExecutable: /chromedrivers/chromedriver..., cloudViewLink: https://vhi.experitest.com:..., databaseEnabled: false, desired: {appiumVersion: 1.22.0, automationName: UIAutomator2, browserVersion: 114.0.5735.26, chromedriverExecutable: /chromedrivers/chromedriver..., deviceName: auto, deviceQuery: @serialNumber=&#039;988a16363138..., experitest:client8: true, experitest:originalSkipDeviceInitialization: false, experitestCloudSessionId: CLOUD-SID:2023-07-13_10-49-..., platformName: ANDROID, platformVersion: 9.0, reportTestId: 4022, reportUrl: https://vhi.experitest.com:..., skipDeviceInitialization: true, skipServerInstallation: true, udid: 988a1636313847494c}, deviceApiLevel: 28, deviceManufacturer: samsung, deviceModel: SM-G950F, deviceName: 988a1636313847494c, deviceQuery: @serialNumber=&#039;988a16363138..., deviceScreenDensity: 480, deviceScreenSize: 1080x2220, deviceUDID: 988a1636313847494c, ehmPrefixUrl: /agent-387, ehmUrl: https://vhi.experitest.com:..., experitest:client8: true, experitest:originalSkipDeviceInitialization: false, experitestCloudSessionId: CLOUD-SID:2023-07-13_10-49-..., gridNodePort: 0, javascriptEnabled: true, locationContextEnabled: false, networkConnectionEnabled: true, pixelRatio: 3, platform: LINUX, platformName: ANDROID, platformVersion: 9, reportTestId: 4022, reportUrl: https://vhi.experitest.com:..., skipDeviceInitialization: true, skipServerInstallation: true, statBarHeight: 72, takesScreenshot: true, udid: 988a1636313847494c, viewportRect: {height: 2004, left: 0, top: 72, width: 1080}, warnings: {}, webStorageEnabled: false}
Session ID: a5b48a2a-8c9b-427c-ba8a-7c2c300555f4" type="org.openqa.selenium.WebDriverException">
      <![CDATA[org.openqa.selenium.WebDriverException: An unknown server-side error occurred while processing the command. Original error: URI and package arguments are required
Build info: version: '4.9.0', revision: 'd7057100a6'
System info: os.name: 'Mac OS X', os.arch: 'aarch64', os.version: '13.4.1', java.version: '17.0.6'
Driver info: org.openqa.selenium.remote.RemoteWebDriver
Command: [a5b48a2a-8c9b-427c-ba8a-7c2c300555f4, get {url=https://app.test.vhi.ie/myvhi/covercheck/procedure/start/7995292}]
Capabilities {appiumVersion: 1.22.0, automationName: UIAutomator2, browserVersion: 114.0.5735.26, chromedriverExecutable: /chromedrivers/chromedriver..., cloudViewLink: https://vhi.experitest.com:..., databaseEnabled: false, desired: {appiumVersion: 1.22.0, automationName: UIAutomator2, browserVersion: 114.0.5735.26, chromedriverExecutable: /chromedrivers/chromedriver..., deviceName: auto, deviceQuery: @serialNumber='988a16363138..., experitest:client8: true, experitest:originalSkipDeviceInitialization: false, experitestCloudSessionId: CLOUD-SID:2023-07-13_10-49-..., platformName: ANDROID, platformVersion: 9.0, reportTestId: 4022, reportUrl: https://vhi.experitest.com:..., skipDeviceInitialization: true, skipServerInstallation: true, udid: 988a1636313847494c}, deviceApiLevel: 28, deviceManufacturer: samsung, deviceModel: SM-G950F, deviceName: 988a1636313847494c, deviceQuery: @serialNumber='988a16363138..., deviceScreenDensity: 480, deviceScreenSize: 1080x2220, deviceUDID: 988a1636313847494c, ehmPrefixUrl: /agent-387, ehmUrl: https://vhi.experitest.com:..., experitest:client8: true, experitest:originalSkipDeviceInitialization: false, experitestCloudSessionId: CLOUD-SID:2023-07-13_10-49-..., gridNodePort: 0, javascriptEnabled: true, locationContextEnabled: false, networkConnectionEnabled: true, pixelRatio: 3, platform: LINUX, platformName: ANDROID, platformVersion: 9, reportTestId: 4022, reportUrl: https://vhi.experitest.com:..., skipDeviceInitialization: true, skipServerInstallation: true, statBarHeight: 72, takesScreenshot: true, udid: 988a1636313847494c, viewportRect: {height: 2004, left: 0, top: 72, width: 1080}, warnings: {}, webStorageEnabled: false}
Session ID: a5b48a2a-8c9b-427c-ba8a-7c2c300555f4
at java.base/jdk.internal.reflect.NativeConstructorAccessorImpl.newInstance0(Native Method)
at java.base/jdk.internal.reflect.NativeConstructorAccessorImpl.newInstance(NativeConstructorAccessorImpl.java:77)
at java.base/jdk.internal.reflect.DelegatingConstructorAccessorImpl.newInstance(DelegatingConstructorAccessorImpl.java:45)
at java.base/java.lang.reflect.Constructor.newInstanceWithCaller(Constructor.java:499)
at java.base/java.lang.reflect.Constructor.newInstance(Constructor.java:480)
at org.openqa.selenium.remote.codec.w3c.W3CHttpResponseCodec.createException(W3CHttpResponseCodec.java:200)
at org.openqa.selenium.remote.codec.w3c.W3CHttpResponseCodec.decode(W3CHttpResponseCodec.java:133)
at org.openqa.selenium.remote.codec.w3c.W3CHttpResponseCodec.decode(W3CHttpResponseCodec.java:53)
at org.openqa.selenium.remote.HttpCommandExecutor.execute(HttpCommandExecutor.java:193)
at org.openqa.selenium.remote.TracedCommandExecutor.execute(TracedCommandExecutor.java:51)
at org.openqa.selenium.remote.RemoteWebDriver.execute(RemoteWebDriver.java:543)
at org.openqa.selenium.remote.RemoteWebDriver.get(RemoteWebDriver.java:297)
at seeTestAutomation.vhielementclickcheck.Browsercheck(vhielementclickcheck.java:17)
at java.base/jdk.internal.reflect.NativeMethodAccessorImpl.invoke0(Native Method)
at java.base/jdk.internal.reflect.NativeMethodAccessorImpl.invoke(NativeMethodAccessorImpl.java:77)
at java.base/jdk.internal.reflect.DelegatingMethodAccessorImpl.invoke(DelegatingMethodAccessorImpl.java:43)
at java.base/java.lang.reflect.Method.invoke(Method.java:568)
at org.testng.internal.invokers.MethodInvocationHelper.invokeMethod(MethodInvocationHelper.java:139)
at org.testng.internal.invokers.TestInvoker.invokeMethod(TestInvoker.java:677)
at org.testng.internal.invokers.TestInvoker.invokeTestMethod(TestInvoker.java:221)
at org.testng.internal.invokers.MethodRunner.runInSequence(MethodRunner.java:50)
at org.testng.internal.invokers.TestInvoker$MethodInvocationAgent.invoke(TestInvoker.java:962)
at org.testng.internal.invokers.TestInvoker.invokeTestMethods(TestInvoker.java:194)
at org.testng.internal.invokers.TestMethodWorker.invokeTestMethods(TestMethodWorker.java:148)
at org.testng.internal.invokers.TestMethodWorker.run(TestMethodWorker.java:128)
at java.base/java.util.ArrayList.forEach(ArrayList.java:1511)
at org.testng.TestRunner.privateRun(TestRunner.java:806)
at org.testng.TestRunner.run(TestRunner.java:601)
at org.testng.SuiteRunner.runTest(SuiteRunner.java:433)
at org.testng.SuiteRunner.runSequentially(SuiteRunner.java:427)
at org.testng.SuiteRunner.privateRun(SuiteRunner.java:387)
at org.testng.SuiteRunner.run(SuiteRunner.java:330)
at org.testng.SuiteRunnerWorker.runSuite(SuiteRunnerWorker.java:52)
at org.testng.SuiteRunnerWorker.run(SuiteRunnerWorker.java:95)
at org.testng.TestNG.runSuitesSequentially(TestNG.java:1256)
at org.testng.TestNG.runSuitesLocally(TestNG.java:1176)
at org.testng.TestNG.runSuites(TestNG.java:1099)
at org.testng.TestNG.run(TestNG.java:1067)
at org.testng.remote.AbstractRemoteTestNG.run(AbstractRemoteTestNG.java:115)
at org.testng.remote.RemoteTestNG.initAndRun(RemoteTestNG.java:251)
at org.testng.remote.RemoteTestNG.main(RemoteTestNG.java:77)
]]>
    </error>
  </testcase> <!-- Browsercheck -->
  <system-out/>
</testsuite> <!-- seeTestAutomation.vhielementclickcheck -->
