<?xml version="1.0" encoding="UTF-8"?>
<!-- Generated by org.testng.reporters.JUnitReportReporter -->
<testsuite hostname="Gunjans-MacBook-Pro.local" failures="0" tests="1" name="seeTestAutomation.eCommerce_tc_1" time="25.765" errors="1" timestamp="2023-06-19T11:05:50 IST" skipped="0">
  <testcase classname="seeTestAutomation.eCommerce_tc_1" name="FillForm2" time="25.765">
    <error message="Expected condition failed: waiting for value found by By.id: com.androidsample.generalstore:id/toolbar_title to contain &quot;Cart&quot;. (tried for 5 second(s) with 500 milliseconds interval)
Build info: version: &#039;4.9.0&#039;, revision: &#039;d7057100a6&#039;
System info: os.name: &#039;Mac OS X&#039;, os.arch: &#039;aarch64&#039;, os.version: &#039;13.4&#039;, java.version: &#039;17.0.6&#039;
Driver info: io.appium.java_client.android.AndroidDriver
Capabilities {appium:app: , appium:appActivity: .SplashActivity, appium:appPackage: com.androidsample.generalstore, appium:appiumVersion: 1.22.3, appium:automationName: UIAutomator2, appium:chromedriverExecutableDir: /chromedrivers, appium:cloudViewLink: https://internal-us.experit..., appium:databaseEnabled: false, appium:desired: {app: , appActivity: .SplashActivity, appPackage: com.androidsample.generalstore, appiumVersion: 1.22.3, automationName: UIAutomator2, chromedriverExecutableDir: /chromedrivers, deviceName: auto, deviceQuery: @serialNumber=&#039;RF8M73A9G4X&#039;, experitest:client8: true, experitest:originalApp: cloud:com.androidsample.gen..., experitest:originalFullReset: false, experitest:originalSkipDeviceInitialization: false, experitestCloudSessionId: CLOUD-SID:2023-06-19_05-34-..., fullReset: false, platformName: ANDROID, platformVersion: 11.0, reportTestId: 811, reportUrl: https://internal.experitest..., skipDeviceInitialization: true, skipServerInstallation: true, testName: Quick Start Android Native ..., udid: RF8M73A9G4X}, appium:deviceApiLevel: 30, appium:deviceManufacturer: samsung, appium:deviceModel: SM-N975U1, appium:deviceName: RF8M73A9G4X, appium:deviceQuery: @serialNumber=&#039;RF8M73A9G4X&#039;, appium:deviceScreenDensity: 420, appium:deviceScreenSize: 1080x2280, appium:deviceUDID: RF8M73A9G4X, appium:ehmPrefixUrl: /agent-10424, appium:ehmUrl: https://internal-us.experit..., appium:experitestCloudSessionId: CLOUD-SID:2023-06-19_05-34-..., appium:fullReset: false, appium:gridNodePort: 0, appium:javascriptEnabled: true, appium:locationContextEnabled: false, appium:networkConnectionEnabled: true, appium:pixelRatio: 2.625, appium:platformVersion: 11, appium:reportTestId: 811, appium:reportUrl: https://internal.experitest..., appium:skipDeviceInitialization: true, appium:skipServerInstallation: true, appium:statBarHeight: 85, appium:takesScreenshot: true, appium:testName: Quick Start Android Native ..., appium:udid: RF8M73A9G4X, appium:viewportRect: {height: 1984, left: 0, top: 85, width: 1080}, appium:warnings: {}, appium:webStorageEnabled: false, experitest:client8: true, experitest:originalApp: cloud:com.androidsample.gen..., experitest:originalFullReset: false, experitest:originalSkipDeviceInitialization: false, platformName: ANDROID}
Session ID: d8dcdddf-03ca-41c7-b408-2e57cb6285cf" type="org.openqa.selenium.TimeoutException">
      <![CDATA[org.openqa.selenium.TimeoutException: Expected condition failed: waiting for value found by By.id: com.androidsample.generalstore:id/toolbar_title to contain "Cart". (tried for 5 second(s) with 500 milliseconds interval)
Build info: version: '4.9.0', revision: 'd7057100a6'
System info: os.name: 'Mac OS X', os.arch: 'aarch64', os.version: '13.4', java.version: '17.0.6'
Driver info: io.appium.java_client.android.AndroidDriver
Capabilities {appium:app: , appium:appActivity: .SplashActivity, appium:appPackage: com.androidsample.generalstore, appium:appiumVersion: 1.22.3, appium:automationName: UIAutomator2, appium:chromedriverExecutableDir: /chromedrivers, appium:cloudViewLink: https://internal-us.experit..., appium:databaseEnabled: false, appium:desired: {app: , appActivity: .SplashActivity, appPackage: com.androidsample.generalstore, appiumVersion: 1.22.3, automationName: UIAutomator2, chromedriverExecutableDir: /chromedrivers, deviceName: auto, deviceQuery: @serialNumber='RF8M73A9G4X', experitest:client8: true, experitest:originalApp: cloud:com.androidsample.gen..., experitest:originalFullReset: false, experitest:originalSkipDeviceInitialization: false, experitestCloudSessionId: CLOUD-SID:2023-06-19_05-34-..., fullReset: false, platformName: ANDROID, platformVersion: 11.0, reportTestId: 811, reportUrl: https://internal.experitest..., skipDeviceInitialization: true, skipServerInstallation: true, testName: Quick Start Android Native ..., udid: RF8M73A9G4X}, appium:deviceApiLevel: 30, appium:deviceManufacturer: samsung, appium:deviceModel: SM-N975U1, appium:deviceName: RF8M73A9G4X, appium:deviceQuery: @serialNumber='RF8M73A9G4X', appium:deviceScreenDensity: 420, appium:deviceScreenSize: 1080x2280, appium:deviceUDID: RF8M73A9G4X, appium:ehmPrefixUrl: /agent-10424, appium:ehmUrl: https://internal-us.experit..., appium:experitestCloudSessionId: CLOUD-SID:2023-06-19_05-34-..., appium:fullReset: false, appium:gridNodePort: 0, appium:javascriptEnabled: true, appium:locationContextEnabled: false, appium:networkConnectionEnabled: true, appium:pixelRatio: 2.625, appium:platformVersion: 11, appium:reportTestId: 811, appium:reportUrl: https://internal.experitest..., appium:skipDeviceInitialization: true, appium:skipServerInstallation: true, appium:statBarHeight: 85, appium:takesScreenshot: true, appium:testName: Quick Start Android Native ..., appium:udid: RF8M73A9G4X, appium:viewportRect: {height: 1984, left: 0, top: 85, width: 1080}, appium:warnings: {}, appium:webStorageEnabled: false, experitest:client8: true, experitest:originalApp: cloud:com.androidsample.gen..., experitest:originalFullReset: false, experitest:originalSkipDeviceInitialization: false, platformName: ANDROID}
Session ID: d8dcdddf-03ca-41c7-b408-2e57cb6285cf
at org.openqa.selenium.support.ui.WebDriverWait.timeoutException(WebDriverWait.java:87)
at org.openqa.selenium.support.ui.FluentWait.until(FluentWait.java:231)
at seeTestAutomation.eCommerce_tc_1.FillForm2(eCommerce_tc_1.java:47)
at java.base/jdk.internal.reflect.NativeMethodAccessorImpl.invoke0(Native Method)
at java.base/jdk.internal.reflect.NativeMethodAccessorImpl.invoke(NativeMethodAccessorImpl.java:77)
at java.base/jdk.internal.reflect.DelegatingMethodAccessorImpl.invoke(DelegatingMethodAccessorImpl.java:43)
at java.base/java.lang.reflect.Method.invoke(Method.java:568)
at org.testng.internal.invokers.MethodInvocationHelper.invokeMethod(MethodInvocationHelper.java:139)
at org.testng.internal.invokers.TestInvoker.invokeMethod(TestInvoker.java:677)
at org.testng.internal.invokers.TestInvoker.invokeTestMethod(TestInvoker.java:221)
at org.testng.internal.invokers.MethodRunner.runInSequence(MethodRunner.java:50)
at org.testng.internal.invokers.TestInvoker$MethodInvocationAgent.invoke(TestInvoker.java:962)
at org.testng.internal.invokers.TestInvoker.invokeTestMethods(TestInvoker.java:194)
at org.testng.internal.invokers.TestMethodWorker.invokeTestMethods(TestMethodWorker.java:148)
at org.testng.internal.invokers.TestMethodWorker.run(TestMethodWorker.java:128)
at java.base/java.util.ArrayList.forEach(ArrayList.java:1511)
at org.testng.TestRunner.privateRun(TestRunner.java:806)
at org.testng.TestRunner.run(TestRunner.java:601)
at org.testng.SuiteRunner.runTest(SuiteRunner.java:433)
at org.testng.SuiteRunner.runSequentially(SuiteRunner.java:427)
at org.testng.SuiteRunner.privateRun(SuiteRunner.java:387)
at org.testng.SuiteRunner.run(SuiteRunner.java:330)
at org.testng.SuiteRunnerWorker.runSuite(SuiteRunnerWorker.java:52)
at org.testng.SuiteRunnerWorker.run(SuiteRunnerWorker.java:95)
at org.testng.TestNG.runSuitesSequentially(TestNG.java:1256)
at org.testng.TestNG.runSuitesLocally(TestNG.java:1176)
at org.testng.TestNG.runSuites(TestNG.java:1099)
at org.testng.TestNG.run(TestNG.java:1067)
at org.testng.remote.AbstractRemoteTestNG.run(AbstractRemoteTestNG.java:115)
at org.testng.remote.RemoteTestNG.initAndRun(RemoteTestNG.java:251)
at org.testng.remote.RemoteTestNG.main(RemoteTestNG.java:77)
]]>
    </error>
  </testcase> <!-- FillForm2 -->
  <system-out/>
</testsuite> <!-- seeTestAutomation.eCommerce_tc_1 -->
