<?xml version="1.0" encoding="UTF-8"?>
<!-- Generated by org.testng.reporters.JUnitReportReporter -->
<testsuite hostname="Gunjans-MacBook-Pro.local" failures="0" tests="1" name="seeTestAutomation.ChromeWindows10" time="4.304" errors="1" timestamp="2023-06-17T10:01:01 IST" skipped="0">
  <testcase classname="seeTestAutomation.ChromeWindows10" name="browserTestGoogleSearch" time="4.304">
    <error message="element click intercepted: Element &lt;textarea class=&quot;gLFyf&quot; jsaction=&quot;paste:puy29d;&quot; id=&quot;APjFqb&quot; maxlength=&quot;2048&quot; name=&quot;q&quot; rows=&quot;1&quot; aria-activedescendant=&quot;&quot; aria-autocomplete=&quot;both&quot; aria-controls=&quot;Alh6id&quot; aria-expanded=&quot;false&quot; aria-haspopup=&quot;both&quot; aria-owns=&quot;Alh6id&quot; autocapitalize=&quot;off&quot; autocomplete=&quot;off&quot; autocorrect=&quot;off&quot; autofocus=&quot;&quot; role=&quot;combobox&quot; spellcheck=&quot;false&quot; title=&quot;Suche&quot; type=&quot;search&quot; value=&quot;&quot; aria-label=&quot;Suche&quot; data-ved=&quot;0ahUKEwjtjNGhvMn_AhWMk_0HHSH6CVcQ39UDCAY&quot;&gt;&lt;/textarea&gt; is not clickable at point (442, 401). Other element would receive the click: &lt;li class=&quot;gowsYd v8Bpfb&quot;&gt;...&lt;/li&gt;
  (Session info: chrome=114.0.5735.0)
Build info: version: &#039;4.9.1&#039;, revision: &#039;eb2032df7f&#039;
System info: os.name: &#039;Mac OS X&#039;, os.arch: &#039;aarch64&#039;, os.version: &#039;13.4&#039;, java.version: &#039;17.0.6&#039;
Driver info: org.openqa.selenium.remote.RemoteWebDriver
Command: [f6c265ad68325f49687f85eb266591cc, clickElement {id=F349B19F84DAA6822D6A7B4549A2F7F7_element_4}]
Capabilities {acceptInsecureCerts: false, agentName: internal-selwin-01, browserName: chrome, browserVersion: 114.0.5735.0, chrome: {chromedriverVersion: 114.0.5735.16 (7e1ff058633f..., userDataDir: C:\Windows\SystemTemp\scope...}, goog:chromeOptions: {debuggerAddress: localhost:59413}, networkConnectionEnabled: false, pageLoadStrategy: normal, platformName: windows, proxy: Proxy(), reportTestId: 782, reportUrl: https://internal.experitest..., se:cdp: wss://internal.experitest.c..., se:cdpVersion: 114.0.5735.0, sessionId: f6c265ad68325f49687f85eb266..., setWindowRect: true, strictFileInteractability: false, timeouts: {implicit: 0, pageLoad: 300000, script: 30000}, unhandledPromptBehavior: dismiss and notify, viewUrl: https://internal.experitest..., webauthn:extension:credBlob: true, webauthn:extension:largeBlob: true, webauthn:extension:minPinLength: true, webauthn:extension:prf: true, webauthn:virtualAuthenticators: true}
Element: [[RemoteWebDriver: chrome on windows (f6c265ad68325f49687f85eb266591cc)] -&gt; name: q]
Session ID: f6c265ad68325f49687f85eb266591cc" type="org.openqa.selenium.ElementClickInterceptedException">
      <![CDATA[org.openqa.selenium.ElementClickInterceptedException: element click intercepted: Element <textarea class="gLFyf" jsaction="paste:puy29d;" id="APjFqb" maxlength="2048" name="q" rows="1" aria-activedescendant="" aria-autocomplete="both" aria-controls="Alh6id" aria-expanded="false" aria-haspopup="both" aria-owns="Alh6id" autocapitalize="off" autocomplete="off" autocorrect="off" autofocus="" role="combobox" spellcheck="false" title="Suche" type="search" value="" aria-label="Suche" data-ved="0ahUKEwjtjNGhvMn_AhWMk_0HHSH6CVcQ39UDCAY"></textarea> is not clickable at point (442, 401). Other element would receive the click: <li class="gowsYd v8Bpfb">...</li>
  (Session info: chrome=114.0.5735.0)
Build info: version: '4.9.1', revision: 'eb2032df7f'
System info: os.name: 'Mac OS X', os.arch: 'aarch64', os.version: '13.4', java.version: '17.0.6'
Driver info: org.openqa.selenium.remote.RemoteWebDriver
Command: [f6c265ad68325f49687f85eb266591cc, clickElement {id=F349B19F84DAA6822D6A7B4549A2F7F7_element_4}]
Capabilities {acceptInsecureCerts: false, agentName: internal-selwin-01, browserName: chrome, browserVersion: 114.0.5735.0, chrome: {chromedriverVersion: 114.0.5735.16 (7e1ff058633f..., userDataDir: C:\Windows\SystemTemp\scope...}, goog:chromeOptions: {debuggerAddress: localhost:59413}, networkConnectionEnabled: false, pageLoadStrategy: normal, platformName: windows, proxy: Proxy(), reportTestId: 782, reportUrl: https://internal.experitest..., se:cdp: wss://internal.experitest.c..., se:cdpVersion: 114.0.5735.0, sessionId: f6c265ad68325f49687f85eb266..., setWindowRect: true, strictFileInteractability: false, timeouts: {implicit: 0, pageLoad: 300000, script: 30000}, unhandledPromptBehavior: dismiss and notify, viewUrl: https://internal.experitest..., webauthn:extension:credBlob: true, webauthn:extension:largeBlob: true, webauthn:extension:minPinLength: true, webauthn:extension:prf: true, webauthn:virtualAuthenticators: true}
Element: [[RemoteWebDriver: chrome on windows (f6c265ad68325f49687f85eb266591cc)] -> name: q]
Session ID: f6c265ad68325f49687f85eb266591cc
at java.base/jdk.internal.reflect.NativeConstructorAccessorImpl.newInstance0(Native Method)
at java.base/jdk.internal.reflect.NativeConstructorAccessorImpl.newInstance(NativeConstructorAccessorImpl.java:77)
at java.base/jdk.internal.reflect.DelegatingConstructorAccessorImpl.newInstance(DelegatingConstructorAccessorImpl.java:45)
at java.base/java.lang.reflect.Constructor.newInstanceWithCaller(Constructor.java:499)
at java.base/java.lang.reflect.Constructor.newInstance(Constructor.java:480)
at org.openqa.selenium.remote.codec.w3c.W3CHttpResponseCodec.createException(W3CHttpResponseCodec.java:200)
at org.openqa.selenium.remote.codec.w3c.W3CHttpResponseCodec.decode(W3CHttpResponseCodec.java:133)
at org.openqa.selenium.remote.codec.w3c.W3CHttpResponseCodec.decode(W3CHttpResponseCodec.java:53)
at org.openqa.selenium.remote.HttpCommandExecutor.execute(HttpCommandExecutor.java:193)
at org.openqa.selenium.remote.TracedCommandExecutor.execute(TracedCommandExecutor.java:51)
at org.openqa.selenium.remote.RemoteWebDriver.execute(RemoteWebDriver.java:543)
at org.openqa.selenium.remote.RemoteWebElement.execute(RemoteWebElement.java:257)
at org.openqa.selenium.remote.RemoteWebElement.click(RemoteWebElement.java:78)
at seeTestAutomation.ChromeWindows10.browserTestGoogleSearch(ChromeWindows10.java:39)
at java.base/jdk.internal.reflect.NativeMethodAccessorImpl.invoke0(Native Method)
at java.base/jdk.internal.reflect.NativeMethodAccessorImpl.invoke(NativeMethodAccessorImpl.java:77)
at java.base/jdk.internal.reflect.DelegatingMethodAccessorImpl.invoke(DelegatingMethodAccessorImpl.java:43)
at java.base/java.lang.reflect.Method.invoke(Method.java:568)
at org.testng.internal.invokers.MethodInvocationHelper.invokeMethod(MethodInvocationHelper.java:139)
at org.testng.internal.invokers.TestInvoker.invokeMethod(TestInvoker.java:677)
at org.testng.internal.invokers.TestInvoker.invokeTestMethod(TestInvoker.java:221)
at org.testng.internal.invokers.MethodRunner.runInSequence(MethodRunner.java:50)
at org.testng.internal.invokers.TestInvoker$MethodInvocationAgent.invoke(TestInvoker.java:962)
at org.testng.internal.invokers.TestInvoker.invokeTestMethods(TestInvoker.java:194)
at org.testng.internal.invokers.TestMethodWorker.invokeTestMethods(TestMethodWorker.java:148)
at org.testng.internal.invokers.TestMethodWorker.run(TestMethodWorker.java:128)
at java.base/java.util.ArrayList.forEach(ArrayList.java:1511)
at org.testng.TestRunner.privateRun(TestRunner.java:806)
at org.testng.TestRunner.run(TestRunner.java:601)
at org.testng.SuiteRunner.runTest(SuiteRunner.java:433)
at org.testng.SuiteRunner.runSequentially(SuiteRunner.java:427)
at org.testng.SuiteRunner.privateRun(SuiteRunner.java:387)
at org.testng.SuiteRunner.run(SuiteRunner.java:330)
at org.testng.SuiteRunnerWorker.runSuite(SuiteRunnerWorker.java:52)
at org.testng.SuiteRunnerWorker.run(SuiteRunnerWorker.java:95)
at org.testng.TestNG.runSuitesSequentially(TestNG.java:1256)
at org.testng.TestNG.runSuitesLocally(TestNG.java:1176)
at org.testng.TestNG.runSuites(TestNG.java:1099)
at org.testng.TestNG.run(TestNG.java:1067)
at org.testng.remote.AbstractRemoteTestNG.run(AbstractRemoteTestNG.java:115)
at org.testng.remote.RemoteTestNG.initAndRun(RemoteTestNG.java:251)
at org.testng.remote.RemoteTestNG.main(RemoteTestNG.java:77)
]]>
    </error>
  </testcase> <!-- browserTestGoogleSearch -->
  <system-out/>
</testsuite> <!-- seeTestAutomation.ChromeWindows10 -->
