<?xml version="1.0" encoding="UTF-8"?>
<!-- Generated by org.testng.reporters.JUnitReportReporter -->
<testsuite hostname="Gunjans-MacBook-Pro.local" failures="0" tests="2" name="seeTestAutomation.JuliusBaerCheck" time="1.429" errors="1" timestamp="2023-08-10T12:21:36 IST" skipped="1">
  <testcase classname="seeTestAutomation.JuliusBaerCheck" name="setUp" time="1.429">
    <error message="Could not start a new session. Response code 500. Message: Cant run Appium Grid with Appium client 8+, please use a lower version 
Host info: host: &#039;Gunjans-MacBook-Pro.local&#039;, ip: &#039;2401:4900:1c3e:1403:4123:b525:6600:d5e%en0&#039;
Build info: version: &#039;4.9.0&#039;, revision: &#039;d7057100a6&#039;
System info: os.name: &#039;Mac OS X&#039;, os.arch: &#039;aarch64&#039;, os.version: &#039;13.5&#039;, java.version: &#039;17.0.6&#039;
Driver info: io.appium.java_client.android.AndroidDriver
Command: [null, newSession {capabilities=[{appium:UDID=RZ8TC0D6WEB, appium:accessKey=eyJhbGciOiJIUzI1NiJ9.eyJ4cC51IjoxOTI4NTgwLCJ4cC5wIjoxLCJ4cC5tIjoxNjkxNjQ4MzczMTkwLCJleHAiOjIwMDcwMDgzNzMsImlzcyI6ImNvbS5leHBlcml0ZXN0In0.apF4RUvQ6dG2TRo2I7u0ObQ7AzsuaRk0FQxQqd5i9AA, appium:app=cloud:com.experitest.ExperiBank/.LoginActivity, appium:appActivity=.LoginActivity, appium:appPackage=com.experitest.ExperiBank, platformName=ANDROID, appium:testName=Quick Start Android Native Demo}], desiredCapabilities=Capabilities {UDID: RZ8TC0D6WEB, accessKey: eyJhbGciOiJIUzI1NiJ9.eyJ4cC..., app: cloud:com.experitest.Experi..., appActivity: .LoginActivity, appPackage: com.experitest.ExperiBank, platformName: ANDROID, testName: Quick Start Android Native ...}}]
Capabilities {UDID: RZ8TC0D6WEB, accessKey: eyJhbGciOiJIUzI1NiJ9.eyJ4cC..., app: cloud:com.experitest.Experi..., appActivity: .LoginActivity, appPackage: com.experitest.ExperiBank, platformName: ANDROID, testName: Quick Start Android Native ...}" type="org.openqa.selenium.SessionNotCreatedException">
      <![CDATA[org.openqa.selenium.SessionNotCreatedException: Could not start a new session. Response code 500. Message: Cant run Appium Grid with Appium client 8+, please use a lower version 
Host info: host: 'Gunjans-MacBook-Pro.local', ip: '2401:4900:1c3e:1403:4123:b525:6600:d5e%en0'
Build info: version: '4.9.0', revision: 'd7057100a6'
System info: os.name: 'Mac OS X', os.arch: 'aarch64', os.version: '13.5', java.version: '17.0.6'
Driver info: io.appium.java_client.android.AndroidDriver
Command: [null, newSession {capabilities=[{appium:UDID=RZ8TC0D6WEB, appium:accessKey=eyJhbGciOiJIUzI1NiJ9.eyJ4cC51IjoxOTI4NTgwLCJ4cC5wIjoxLCJ4cC5tIjoxNjkxNjQ4MzczMTkwLCJleHAiOjIwMDcwMDgzNzMsImlzcyI6ImNvbS5leHBlcml0ZXN0In0.apF4RUvQ6dG2TRo2I7u0ObQ7AzsuaRk0FQxQqd5i9AA, appium:app=cloud:com.experitest.ExperiBank/.LoginActivity, appium:appActivity=.LoginActivity, appium:appPackage=com.experitest.ExperiBank, platformName=ANDROID, appium:testName=Quick Start Android Native Demo}], desiredCapabilities=Capabilities {UDID: RZ8TC0D6WEB, accessKey: eyJhbGciOiJIUzI1NiJ9.eyJ4cC..., app: cloud:com.experitest.Experi..., appActivity: .LoginActivity, appPackage: com.experitest.ExperiBank, platformName: ANDROID, testName: Quick Start Android Native ...}}]
Capabilities {UDID: RZ8TC0D6WEB, accessKey: eyJhbGciOiJIUzI1NiJ9.eyJ4cC..., app: cloud:com.experitest.Experi..., appActivity: .LoginActivity, appPackage: com.experitest.ExperiBank, platformName: ANDROID, testName: Quick Start Android Native ...}
at org.openqa.selenium.remote.ProtocolHandshake.createSession(ProtocolHandshake.java:136)
at java.base/jdk.internal.reflect.NativeMethodAccessorImpl.invoke0(Native Method)
at java.base/jdk.internal.reflect.NativeMethodAccessorImpl.invoke(NativeMethodAccessorImpl.java:77)
at java.base/jdk.internal.reflect.DelegatingMethodAccessorImpl.invoke(DelegatingMethodAccessorImpl.java:43)
at java.base/java.lang.reflect.Method.invoke(Method.java:568)
at io.appium.java_client.remote.AppiumProtocolHandshake.createSession(AppiumProtocolHandshake.java:133)
at io.appium.java_client.remote.AppiumProtocolHandshake.createSession(AppiumProtocolHandshake.java:102)
at io.appium.java_client.remote.AppiumCommandExecutor.createSession(AppiumCommandExecutor.java:194)
at io.appium.java_client.remote.AppiumCommandExecutor.execute(AppiumCommandExecutor.java:262)
at org.openqa.selenium.remote.RemoteWebDriver.execute(RemoteWebDriver.java:543)
at io.appium.java_client.AppiumDriver.startSession(AppiumDriver.java:229)
at org.openqa.selenium.remote.RemoteWebDriver.<init>(RemoteWebDriver.java:157)
at io.appium.java_client.AppiumDriver.<init>(AppiumDriver.java:80)
at io.appium.java_client.AppiumDriver.<init>(AppiumDriver.java:92)
at io.appium.java_client.android.AndroidDriver.<init>(AndroidDriver.java:117)
at seeTestAutomation.JuliusBaerCheck.setUp(JuliusBaerCheck.java:30)
at java.base/jdk.internal.reflect.NativeMethodAccessorImpl.invoke0(Native Method)
at java.base/jdk.internal.reflect.NativeMethodAccessorImpl.invoke(NativeMethodAccessorImpl.java:77)
at java.base/jdk.internal.reflect.DelegatingMethodAccessorImpl.invoke(DelegatingMethodAccessorImpl.java:43)
at java.base/java.lang.reflect.Method.invoke(Method.java:568)
at org.testng.internal.invokers.MethodInvocationHelper.invokeMethod(MethodInvocationHelper.java:139)
at org.testng.internal.invokers.MethodInvocationHelper.invokeMethodConsideringTimeout(MethodInvocationHelper.java:69)
at org.testng.internal.invokers.ConfigInvoker.invokeConfigurationMethod(ConfigInvoker.java:361)
at org.testng.internal.invokers.ConfigInvoker.invokeConfigurations(ConfigInvoker.java:296)
at org.testng.TestRunner.invokeTestConfigurations(TestRunner.java:643)
at org.testng.TestRunner.beforeRun(TestRunner.java:632)
at org.testng.TestRunner.run(TestRunner.java:594)
at org.testng.SuiteRunner.runTest(SuiteRunner.java:433)
at org.testng.SuiteRunner.runSequentially(SuiteRunner.java:427)
at org.testng.SuiteRunner.privateRun(SuiteRunner.java:387)
at org.testng.SuiteRunner.run(SuiteRunner.java:330)
at org.testng.SuiteRunnerWorker.runSuite(SuiteRunnerWorker.java:52)
at org.testng.SuiteRunnerWorker.run(SuiteRunnerWorker.java:95)
at org.testng.TestNG.runSuitesSequentially(TestNG.java:1256)
at org.testng.TestNG.runSuitesLocally(TestNG.java:1176)
at org.testng.TestNG.runSuites(TestNG.java:1099)
at org.testng.TestNG.run(TestNG.java:1067)
at org.testng.remote.AbstractRemoteTestNG.run(AbstractRemoteTestNG.java:115)
at org.testng.remote.RemoteTestNG.initAndRun(RemoteTestNG.java:251)
at org.testng.remote.RemoteTestNG.main(RemoteTestNG.java:77)
]]>
    </error>
  </testcase> <!-- setUp -->
  <system-out/>
  <testcase classname="seeTestAutomation.JuliusBaerCheck" name="quickStartAndroidNativeDemo" time="0.000">
    <skipped/>
  </testcase> <!-- quickStartAndroidNativeDemo -->
  <system-out/>
</testsuite> <!-- seeTestAutomation.JuliusBaerCheck -->
